JUnit version 4.13.2
..........E
Time: 0.009
There was 1 failure:
1) numExpr_evaluate(AstTests)
java.lang.AssertionError: Use assertEquals(expected, actual, delta) to compare floating-point numbers
	at org.junit.Assert.fail(Assert.java:89)
	at org.junit.Assert.assertEquals(Assert.java:669)
	at org.junit.Assert.assertEquals(Assert.java:658)
	at AstTests.numExpr_evaluate(AstTests.java:16)

FAILURES!!!
Tests run: 10,  Failures: 1

